This is LuaTeX, Version beta-0.80.0 (TeX Live 2015) (rev 5238)  (format=lualatex 2015.9.7)  16 MAR 2018 12:02
 restricted \write18 enabled.
**example.tex
(./example.tex
LaTeX2e <2015/01/01>
Babel <3.9l> and hyphenation patterns for 79 languages loaded.
(/usr/local/texlive/2015/texmf-dist/tex/latex/base/article.cls
Document Class: article 2014/09/29 v1.4h Standard LaTeX document class
(/usr/local/texlive/2015/texmf-dist/tex/latex/base/size10.clo
File: size10.clo 2014/09/29 v1.4h Standard LaTeX file (size option)
)
\c@part=\count79
\c@section=\count80
\c@subsection=\count81
\c@subsubsection=\count82
\c@paragraph=\count83
\c@subparagraph=\count84
\c@figure=\count85
\c@table=\count86
\abovecaptionskip=\skip41
\belowcaptionskip=\skip42
\bibindent=\dimen102
)
(./aasmacros.sty) (./example.aux)
\openout1 = example.aux

LaTeX Font Info:    Checking defaults for OML/cmm/m/it on input line 9.
LaTeX Font Info:    ... okay on input line 9.
LaTeX Font Info:    Checking defaults for T1/cmr/m/n on input line 9.
LaTeX Font Info:    ... okay on input line 9.
LaTeX Font Info:    Checking defaults for OT1/cmr/m/n on input line 9.
LaTeX Font Info:    ... okay on input line 9.
LaTeX Font Info:    Checking defaults for OMS/cmsy/m/n on input line 9.
LaTeX Font Info:    ... okay on input line 9.
LaTeX Font Info:    Checking defaults for OMX/cmex/m/n on input line 9.
LaTeX Font Info:    ... okay on input line 9.
LaTeX Font Info:    Checking defaults for U/cmr/m/n on input line 9.
LaTeX Font Info:    ... okay on input line 9.
LaTeX Font Info:    External font `cmex10' loaded for size
(Font)              <12> on input line 11.
LaTeX Font Info:    External font `cmex10' loaded for size
(Font)              <8> on input line 11.
LaTeX Font Info:    External font `cmex10' loaded for size
(Font)              <6> on input line 11.
LaTeX Font Info:    Try loading font information for OMS+cmr on input line 19.

(/usr/local/texlive/2015/texmf-dist/tex/latex/base/omscmr.fd
File: omscmr.fd 2014/09/29 v2.5h Standard LaTeX font definitions
)
LaTeX Font Info:    Font shape `OMS/cmr/m/n' in size <10> not available
(Font)              Font shape `OMS/cmsy/m/n' tried instead on input line 19.
 (./example.bbl)
[1

{/usr/local/texlive/2015/texmf-var/fonts/map/pdftex/updmap/pdftex.map}]
(./example.aux))

Here is how much of LuaTeX's memory you used:
 362 strings out of 494693
 100000,89155 words of node,token memory allocated
 269 words of node memory still in use:
   2 hlist, 1 vlist, 1 rule, 2 glue, 41 glue_spec, 1 write nodes
   avail lists: 2:14,3:63,4:555,5:72,6:1307,7:12,9:64,10:98
 4145 multiletter control sequences out of 65536+600000
 36 fonts using 1426115 bytes
 23i,6n,19p,331b,189s stack positions out of 5000i,500n,10000p,200000b,100000s
<</usr/local/texlive/2015/texmf-dist/fonts/type1/public/amsfonts/cm/cmbx12.pfb><
</usr/local/texlive/2015/texmf-dist/fonts/type1/public/amsfonts/cm/cmbx9.pfb><</
usr/local/texlive/2015/texmf-dist/fonts/type1/public/amsfonts/cm/cmr10.pfb><</us
r/local/texlive/2015/texmf-dist/fonts/type1/public/amsfonts/cm/cmr12.pfb><</usr/
local/texlive/2015/texmf-dist/fonts/type1/public/amsfonts/cm/cmr17.pfb><</usr/lo
cal/texlive/2015/texmf-dist/fonts/type1/public/amsfonts/cm/cmr9.pfb><</usr/local
/texlive/2015/texmf-dist/fonts/type1/public/amsfonts/cm/cmsy10.pfb><</usr/local/
texlive/2015/texmf-dist/fonts/type1/public/amsfonts/cm/cmti10.pfb><</usr/local/t
exlive/2015/texmf-dist/fonts/type1/public/amsfonts/cm/cmtt10.pfb>
Output written on example.pdf (1 page, 103686 bytes).

PDF statistics: 44 PDF objects out of 1000 (max. 8388607)
 31 compressed objects within 1 object stream
 0 named destinations out of 1000 (max. 131072)
 1 words of extra memory for PDF output out of 10000 (max. 10000000)

